
INFO  \ [02/26/2018 22:33:47] |  Страница № 1
INFO  \ [02/26/2018 22:34:10] |  Страница № 1
INFO  \ [02/26/2018 22:51:05] |  РЎС‚СЂР°РЅРёС†Р° в„– 1
INFO  \ [02/26/2018 22:52:19] |  Р’РѕРїСЂРѕСЃ СѓР¶Рµ РµСЃС‚СЊ РІ Р‘Р”: New Users Introduce Yourself
INFO  \ [02/26/2018 22:52:19] |  Р’РѕРїСЂРѕСЃ СѓР¶Рµ РµСЃС‚СЊ РІ Р‘Р”: Free Game Keys and Game Sales
INFO  \ [02/26/2018 22:52:19] |  Р’РѕРїСЂРѕСЃ СѓР¶Рµ РµСЃС‚СЊ РІ Р‘Р”: Using command prompt on windows 10
INFO  \ [02/26/2018 22:52:19] |  Р’РѕРїСЂРѕСЃ СѓР¶Рµ РµСЃС‚СЊ РІ Р‘Р”: Fun for music experimenters
INFO  \ [02/26/2018 22:52:19] |  Р’РѕРїСЂРѕСЃ СѓР¶Рµ РµСЃС‚СЊ РІ Р‘Р”: Weird HTTP response
INFO  \ [02/26/2018 22:52:19] |  Р’РѕРїСЂРѕСЃ СѓР¶Рµ РµСЃС‚СЊ РІ Р‘Р”: Bitconnect and cryptocurrency
INFO  \ [02/26/2018 22:52:19] |  Р’РѕРїСЂРѕСЃ СѓР¶Рµ РµСЃС‚СЊ РІ Р‘Р”: heavy up front web sites
INFO  \ [02/26/2018 22:52:19] |  Р’РѕРїСЂРѕСЃ СѓР¶Рµ РµСЃС‚СЊ РІ Р‘Р”: Funny English
INFO  \ [02/26/2018 22:52:19] |  Р’РѕРїСЂРѕСЃ СѓР¶Рµ РµСЃС‚СЊ РІ Р‘Р”: the principle of writing program menus for Linux
INFO  \ [02/26/2018 22:52:19] |  Р’РѕРїСЂРѕСЃ СѓР¶Рµ РµСЃС‚СЊ РІ Р‘Р”: a one line thing
INFO  \ [02/26/2018 22:52:20] |  Р’РѕРїСЂРѕСЃ СѓР¶Рµ РµСЃС‚СЊ РІ Р‘Р”: I hate transponder keys
INFO  \ [02/26/2018 22:52:20] |  Р’РѕРїСЂРѕСЃ СѓР¶Рµ РµСЃС‚СЊ РІ Р‘Р”: this thing i have created for Linux rocks!
INFO  \ [02/26/2018 22:52:20] |  Р’РѕРїСЂРѕСЃ СѓР¶Рµ РµСЃС‚СЊ РІ Р‘Р”: I just switched to Debian and already miss Corana :(
INFO  \ [02/26/2018 22:52:20] |  Р’РѕРїСЂРѕСЃ СѓР¶Рµ РµСЃС‚СЊ РІ Р‘Р”: a fun(ny) program i want to make
INFO  \ [02/26/2018 22:52:20] |  Р’РѕРїСЂРѕСЃ СѓР¶Рµ РµСЃС‚СЊ РІ Р‘Р”: Socket Program Challenging issue, please help
INFO  \ [02/26/2018 22:52:20] |  Р’РѕРїСЂРѕСЃ СѓР¶Рµ РµСЃС‚СЊ РІ Р‘Р”: http/https client
INFO  \ [02/26/2018 22:52:20] |  Р’РѕРїСЂРѕСЃ СѓР¶Рµ РµСЃС‚СЊ РІ Р‘Р”: Learning Milestone
INFO  \ [02/26/2018 22:52:20] |  Р’РѕРїСЂРѕСЃ СѓР¶Рµ РµСЃС‚СЊ РІ Р‘Р”: Restore Menu Bar
INFO  \ [02/26/2018 22:52:20] |  Р’РѕРїСЂРѕСЃ СѓР¶Рµ РµСЃС‚СЊ РІ Р‘Р”: looking for email provider
INFO  \ [02/26/2018 22:52:20] |  Р’РѕРїСЂРѕСЃ СѓР¶Рµ РµСЃС‚СЊ РІ Р‘Р”: Problem with Jupyter Notebook
INFO  \ [02/26/2018 22:52:20] |  РљРѕР»-РІРѕ РІРѕРїСЂРѕСЃРѕРІ СЃ СЃС‚СЂР°РЅРёС†С‹: 0
INFO  \ [02/26/2018 22:52:20] |

INFO  \ [02/27/2018 00:07:06] |  РЎС‚СЂР°РЅРёС†Р° в„– 1
INFO  \ [02/27/2018 00:08:02] |  РљРѕР»-РІРѕ РІРѕРїСЂРѕСЃРѕРІ СЃ СЃС‚СЂР°РЅРёС†С‹: 20
INFO  \ [02/27/2018 00:08:02] |

INFO  \ [02/27/2018 00:08:02] |  РЎС‚СЂР°РЅРёС†Р° в„– 2
INFO  \ [02/27/2018 00:09:00] |  РљРѕР»-РІРѕ РІРѕРїСЂРѕСЃРѕРІ СЃ СЃС‚СЂР°РЅРёС†С‹: 20
INFO  \ [02/27/2018 00:09:00] |

INFO  \ [02/27/2018 00:09:00] |  РЎС‚СЂР°РЅРёС†Р° в„– 3
INFO  \ [02/27/2018 00:10:13] |  РљРѕР»-РІРѕ РІРѕРїСЂРѕСЃРѕРІ СЃ СЃС‚СЂР°РЅРёС†С‹: 20
INFO  \ [02/27/2018 00:10:13] |

INFO  \ [02/27/2018 00:10:13] |  РЎС‚СЂР°РЅРёС†Р° в„– 4
INFO  \ [02/27/2018 00:10:49] |  РљРѕР»-РІРѕ РІРѕРїСЂРѕСЃРѕРІ СЃ СЃС‚СЂР°РЅРёС†С‹: 14
INFO  \ [02/27/2018 00:10:49] |

INFO  \ [02/27/2018 00:27:33] |  РЎС‚СЂР°РЅРёС†Р° в„– 1
INFO  \ [02/27/2018 00:28:30] |  РљРѕР»-РІРѕ РІРѕРїСЂРѕСЃРѕРІ СЃ СЃС‚СЂР°РЅРёС†С‹: 20
INFO  \ [02/27/2018 00:28:30] |

INFO  \ [02/27/2018 00:28:30] |  РЎС‚СЂР°РЅРёС†Р° в„– 2
INFO  \ [02/27/2018 00:29:23] |  РљРѕР»-РІРѕ РІРѕРїСЂРѕСЃРѕРІ СЃ СЃС‚СЂР°РЅРёС†С‹: 20
INFO  \ [02/27/2018 00:29:23] |

INFO  \ [02/27/2018 00:29:23] |  РЎС‚СЂР°РЅРёС†Р° в„– 3
INFO  \ [02/27/2018 00:30:13] |  РљРѕР»-РІРѕ РІРѕРїСЂРѕСЃРѕРІ СЃ СЃС‚СЂР°РЅРёС†С‹: 20
INFO  \ [02/27/2018 00:30:13] |

INFO  \ [02/27/2018 00:30:13] |  РЎС‚СЂР°РЅРёС†Р° в„– 4
INFO  \ [02/27/2018 00:31:26] |  РљРѕР»-РІРѕ РІРѕРїСЂРѕСЃРѕРІ СЃ СЃС‚СЂР°РЅРёС†С‹: 20
INFO  \ [02/27/2018 00:31:26] |

INFO  \ [02/27/2018 00:31:26] |  РЎС‚СЂР°РЅРёС†Р° в„– 5
INFO  \ [02/27/2018 00:32:09] |  РљРѕР»-РІРѕ РІРѕРїСЂРѕСЃРѕРІ СЃ СЃС‚СЂР°РЅРёС†С‹: 20
INFO  \ [02/27/2018 00:32:09] |

INFO  \ [02/27/2018 00:32:09] |  РЎС‚СЂР°РЅРёС†Р° в„– 6
INFO  \ [02/27/2018 00:32:59] |  РљРѕР»-РІРѕ РІРѕРїСЂРѕСЃРѕРІ СЃ СЃС‚СЂР°РЅРёС†С‹: 20
INFO  \ [02/27/2018 00:32:59] |

INFO  \ [02/27/2018 00:32:59] |  РЎС‚СЂР°РЅРёС†Р° в„– 7
INFO  \ [02/27/2018 00:33:55] |  РљРѕР»-РІРѕ РІРѕРїСЂРѕСЃРѕРІ СЃ СЃС‚СЂР°РЅРёС†С‹: 20
INFO  \ [02/27/2018 00:33:55] |

INFO  \ [02/27/2018 00:33:55] |  РЎС‚СЂР°РЅРёС†Р° в„– 8
INFO  \ [02/27/2018 00:34:50] |  РљРѕР»-РІРѕ РІРѕРїСЂРѕСЃРѕРІ СЃ СЃС‚СЂР°РЅРёС†С‹: 20
INFO  \ [02/27/2018 00:34:50] |

INFO  \ [02/27/2018 00:34:50] |  РЎС‚СЂР°РЅРёС†Р° в„– 9
INFO  \ [02/27/2018 00:35:36] |  РљРѕР»-РІРѕ РІРѕРїСЂРѕСЃРѕРІ СЃ СЃС‚СЂР°РЅРёС†С‹: 15
INFO  \ [02/27/2018 00:35:36] |

INFO  \ [02/27/2018 01:03:03] |  РЎС‚СЂР°РЅРёС†Р° в„– 1
INFO  \ [02/27/2018 01:03:06] |  РљРѕР»-РІРѕ РІРѕРїСЂРѕСЃРѕРІ СЃ СЃС‚СЂР°РЅРёС†С‹: 0
INFO  \ [02/27/2018 01:03:06] |

INFO  \ [02/27/2018 01:03:06] |  РЎС‚СЂР°РЅРёС†Р° в„– 2
INFO  \ [02/27/2018 01:03:08] |  РљРѕР»-РІРѕ РІРѕРїСЂРѕСЃРѕРІ СЃ СЃС‚СЂР°РЅРёС†С‹: 0
INFO  \ [02/27/2018 01:03:08] |

INFO  \ [02/27/2018 01:03:08] |  РЎС‚СЂР°РЅРёС†Р° в„– 3
INFO  \ [02/27/2018 01:03:10] |  РљРѕР»-РІРѕ РІРѕРїСЂРѕСЃРѕРІ СЃ СЃС‚СЂР°РЅРёС†С‹: 0
INFO  \ [02/27/2018 01:03:10] |

INFO  \ [02/27/2018 01:06:56] |  РЎС‚СЂР°РЅРёС†Р° в„– 1
INFO  \ [02/27/2018 01:07:53] |  РљРѕР»-РІРѕ РІРѕРїСЂРѕСЃРѕРІ СЃ СЃС‚СЂР°РЅРёС†С‹: 20
INFO  \ [02/27/2018 01:07:53] |

INFO  \ [02/27/2018 01:07:53] |  РЎС‚СЂР°РЅРёС†Р° в„– 2
INFO  \ [02/27/2018 01:08:00] |  РљРѕР»-РІРѕ РІРѕРїСЂРѕСЃРѕРІ СЃ СЃС‚СЂР°РЅРёС†С‹: 2
INFO  \ [02/27/2018 01:08:00] |

INFO  \ [02/27/2018 01:17:34] |  Страница № 1
INFO  \ [02/27/2018 01:18:41] |  Кол-во вопросов с страницы: 20
INFO  \ [02/27/2018 01:18:41] |

INFO  \ [02/27/2018 01:18:41] |  Страница № 2
INFO  \ [02/27/2018 01:19:29] |  Кол-во вопросов с страницы: 20
INFO  \ [02/27/2018 01:19:29] |

INFO  \ [02/27/2018 01:19:29] |  Страница № 3
INFO  \ [02/27/2018 01:20:25] |  Кол-во вопросов с страницы: 20
INFO  \ [02/27/2018 01:20:25] |

INFO  \ [02/27/2018 01:29:05] |  Страница № 1
INFO  \ [02/27/2018 01:29:57] |  Вопрос уже есть в БД: A List of Free Python Resources
INFO  \ [02/27/2018 01:29:57] |  Вопрос уже есть в БД: Tutorial Requests
INFO  \ [02/27/2018 01:29:57] |  Вопрос уже есть в БД: Interactive tutorial for beginners (codetheblocks)
INFO  \ [02/27/2018 01:29:57] |  Вопрос уже есть в БД: Python web Automation testing
INFO  \ [02/27/2018 01:29:57] |  Вопрос уже есть в БД: Video Course for Python Alogorithms Course and eBook
INFO  \ [02/27/2018 01:29:57] |  Вопрос уже есть в БД: PyGame Nibbles tutorial for beginners.
INFO  \ [02/27/2018 01:29:57] |  Вопрос уже есть в БД: Unit testing and Test Driven Development with Pytest
INFO  \ [02/27/2018 01:29:57] |  Вопрос уже есть в БД: Python book recommendations?
INFO  \ [02/27/2018 01:29:57] |  Вопрос уже есть в БД: Blog series about Python Properties and Descriptors
INFO  \ [02/27/2018 01:29:57] |  Вопрос уже есть в БД: Key Word Scrapper with Python and Selenium
INFO  \ [02/27/2018 01:29:57] |  Вопрос уже есть в БД: [Scrapy]
INFO  \ [02/27/2018 01:29:57] |  Вопрос уже есть в БД: A good tutorial for beginners? (Youtube)
INFO  \ [02/27/2018 01:29:57] |  Вопрос уже есть в БД: Python Selenium Webdriver Tutorials
INFO  \ [02/27/2018 01:29:57] |  Вопрос уже есть в БД: Async for loop
INFO  \ [02/27/2018 01:29:57] |  Вопрос уже есть в БД: Easy and quick approach to develop complex pivot table reports using Python
INFO  \ [02/27/2018 01:29:57] |  Вопрос уже есть в БД: Alternatives to DFsort/Syncsort features in Python - A comparative study
INFO  \ [02/27/2018 01:29:57] |  Вопрос уже есть в БД: 3D Mandelbrotset - Blender 3D GUI
INFO  \ [02/27/2018 01:29:57] |  Вопрос уже есть в БД: Flowcharts
INFO  \ [02/27/2018 01:29:57] |  Вопрос уже есть в БД: Practice Python
INFO  \ [02/27/2018 01:29:57] |  Вопрос уже есть в БД: Python 3.6.0
INFO  \ [02/27/2018 01:29:57] |  Кол-во вопросов с страницы: 0
INFO  \ [02/27/2018 01:29:57] |

INFO  \ [02/27/2018 01:29:57] |  Страница № 2
INFO  \ [02/27/2018 01:32:41] |  Страница № 1
INFO  \ [02/27/2018 01:33:42] |  Вопрос уже есть в БД: Python & Windows XP
INFO  \ [02/27/2018 01:33:42] |  Вопрос уже есть в БД: running other older versions of python
INFO  \ [02/27/2018 01:33:42] |  Вопрос уже есть в БД: 3Blue1Brown high quality Math/Physics contend
INFO  \ [02/27/2018 01:33:42] |  Вопрос уже есть в БД: switching to python3
INFO  \ [02/27/2018 01:33:42] |  Вопрос уже есть в БД: is this any good?
INFO  \ [02/27/2018 01:33:42] |  Вопрос уже есть в БД: Python Discord Page
INFO  \ [02/27/2018 01:33:42] |  Вопрос уже есть в БД: Python version compatibility
INFO  \ [02/27/2018 01:33:42] |  Вопрос уже есть в БД: barcodes scanner for kivy
INFO  \ [02/27/2018 01:33:42] |  Вопрос уже есть в БД: JupyterLab beta stable enough for daily use
INFO  \ [02/27/2018 01:33:42] |  Вопрос уже есть в БД: hash bang
INFO  \ [02/27/2018 01:33:42] |  Вопрос уже есть в БД: cuDNN Installation Error : Cuda Failurer version : GCC 5.4.0
INFO  \ [02/27/2018 01:33:42] |  Вопрос уже есть в БД: [book] Various python and non python books available each day (free for 24hrs)
INFO  \ [02/27/2018 01:33:42] |  Вопрос уже есть в БД: where is this documented?
INFO  \ [02/27/2018 01:33:42] |  Вопрос уже есть в БД: Version question
INFO  \ [02/27/2018 01:33:42] |  Вопрос уже есть в БД: Mozilla Project Things open network
INFO  \ [02/27/2018 01:33:42] |  Вопрос уже есть в БД: Valgrind error in python
INFO  \ [02/27/2018 01:33:42] |  Вопрос уже есть в БД: Extending Decorators
INFO  \ [02/27/2018 01:33:42] |  Вопрос уже есть в БД: Good morning guys!
INFO  \ [02/27/2018 01:33:42] |  Вопрос уже есть в БД: Michael driscoll New Book
INFO  \ [02/27/2018 01:33:42] |  Вопрос уже есть в БД: Anyone else here finding John Guttag book finger exercises hard to crack.
INFO  \ [02/27/2018 01:33:42] |  Кол-во вопросов с страницы: 0
INFO  \ [02/27/2018 01:33:42] |

INFO  \ [02/27/2018 01:33:42] |  Страница № 2
INFO  \ [02/27/2018 01:34:49] |  Вопрос уже есть в БД: differences between py2 and py3
INFO  \ [02/27/2018 01:34:49] |  Вопрос уже есть в БД: why so much differnt performance in python 2.7.10, 2.7.14 and 3.6.4
INFO  \ [02/27/2018 01:34:49] |  Вопрос уже есть в БД: Am new in python
INFO  \ [02/27/2018 01:34:49] |  Вопрос уже есть в БД: High School coding club
INFO  \ [02/27/2018 01:34:49] |  Вопрос уже есть в БД: Cool web site
INFO  \ [02/27/2018 01:34:49] |  Вопрос уже есть в БД: language feature i'd like to have
INFO  \ [02/27/2018 01:34:49] |  Вопрос уже есть в БД: seleniem PhantomJS stops working, while Chome still working
INFO  \ [02/27/2018 01:34:49] |  Вопрос уже есть в БД: Python 3.701b released yesterday--who should install it and who shouldn't?
INFO  \ [02/27/2018 01:34:49] |  Вопрос уже есть в БД: News you can't (or perhaps you can) live without
INFO  \ [02/27/2018 01:34:49] |  Вопрос уже есть в БД: New to Python
INFO  \ [02/27/2018 01:34:49] |  Вопрос уже есть в БД: What YouTube tutorials do you recommend:
INFO  \ [02/27/2018 01:34:49] |  Вопрос уже есть в БД: Why so complicated?
INFO  \ [02/27/2018 01:34:49] |  Вопрос уже есть в БД: Reportlab: PDF Processing with Python - Mike Driscoll's new project on Kickstarter
INFO  \ [02/27/2018 01:34:49] |  Вопрос уже есть в БД: has anyone here created their own custom codec?
INFO  \ [02/27/2018 01:34:49] |  Вопрос уже есть в БД: terminology question: generator data
INFO  \ [02/27/2018 01:34:49] |  Вопрос уже есть в БД: Python installation change on Mac
INFO  \ [02/27/2018 01:34:49] |  Вопрос уже есть в БД: encoding control characters
INFO  \ [02/27/2018 01:34:49] |  Вопрос уже есть в БД: PyPi report (Nosy package)
INFO  \ [02/27/2018 01:34:49] |  Вопрос уже есть в БД: Seeking input on my remote Python repo structure/look (recently updated)
INFO  \ [02/27/2018 01:34:49] |  Вопрос уже есть в БД: Windows Context Menu Depth
INFO  \ [02/27/2018 01:34:49] |  Кол-во вопросов с страницы: 0
INFO  \ [02/27/2018 01:34:49] |

INFO  \ [02/27/2018 01:34:49] |  Страница № 3
INFO  \ [02/27/2018 01:35:50] |  Вопрос уже есть в БД: i need a better IDE/editor
INFO  \ [02/27/2018 01:35:50] |  Вопрос уже есть в БД: Can a python program execute an action on another software program?
INFO  \ [02/27/2018 01:35:50] |  Вопрос уже есть в БД: qutebrowser v1.1.0-1
INFO  \ [02/27/2018 01:35:50] |  Вопрос уже есть в БД: the profusion of Python 2 questions offsite
INFO  \ [02/27/2018 01:35:50] |  Вопрос уже есть в БД: JPY for Python
INFO  \ [02/27/2018 01:35:50] |  Вопрос уже есть в БД: [UDEMY] Complete Python course: Mastery in python course - Just 10EUR
INFO  \ [02/27/2018 01:35:50] |  Вопрос уже есть в БД: We need your Python expertise. Please participate in our study!
INFO  \ [02/27/2018 01:35:50] |  Вопрос уже есть в БД: MultiAV
INFO  \ [02/27/2018 01:35:50] |  Вопрос уже есть в БД: Introduction to python Ensembles
INFO  \ [02/27/2018 01:35:50] |  Вопрос уже есть в БД: Feedback on AI QA Triage Automation
INFO  \ [02/27/2018 01:35:50] |  Вопрос уже есть в БД: using my flattree generator
INFO  \ [02/27/2018 01:35:50] |  Вопрос уже есть в БД: Plugin extendable program. How?
INFO  \ [02/27/2018 01:35:50] |  Вопрос уже есть в БД: numeric string sort
INFO  \ [02/27/2018 01:35:50] |  Вопрос уже есть в БД: complete free python course
INFO  \ [02/27/2018 01:35:50] |  Вопрос уже есть в БД: background sessions
INFO  \ [02/27/2018 01:35:50] |  Вопрос уже есть в БД: Autonomous drone
INFO  \ [02/27/2018 01:35:50] |  Вопрос уже есть в БД: PyCharm Early Release 2018.1 EAP now available
INFO  \ [02/27/2018 01:35:50] |  Вопрос уже есть в БД: module for DNS queries
INFO  \ [02/27/2018 01:35:50] |  Вопрос уже есть в БД: Python code example site
INFO  \ [02/27/2018 01:35:50] |  Вопрос уже есть в БД: Documentation for crypt function
INFO  \ [02/27/2018 01:35:50] |  Кол-во вопросов с страницы: 0
INFO  \ [02/27/2018 01:35:50] |

INFO  \ [02/27/2018 01:35:50] |  Страница № 4
INFO  \ [02/27/2018 01:36:58] |  Кол-во вопросов с страницы: 20
INFO  \ [02/27/2018 01:36:58] |

INFO  \ [02/27/2018 01:36:58] |  Страница № 5
INFO  \ [02/27/2018 01:37:49] |  Кол-во вопросов с страницы: 20
INFO  \ [02/27/2018 01:37:49] |

INFO  \ [02/27/2018 01:37:49] |  Страница № 6
INFO  \ [02/27/2018 01:38:48] |  Кол-во вопросов с страницы: 20
INFO  \ [02/27/2018 01:38:48] |

INFO  \ [02/27/2018 01:38:48] |  Страница № 7
INFO  \ [02/27/2018 01:39:38] |  Кол-во вопросов с страницы: 20
INFO  \ [02/27/2018 01:39:38] |

INFO  \ [02/27/2018 01:39:38] |  Страница № 8
INFO  \ [02/27/2018 01:40:32] |  Кол-во вопросов с страницы: 20
INFO  \ [02/27/2018 01:40:32] |

INFO  \ [02/27/2018 01:40:32] |  Страница № 9
INFO  \ [02/27/2018 01:41:22] |  Кол-во вопросов с страницы: 20
INFO  \ [02/27/2018 01:41:22] |

INFO  \ [02/27/2018 01:41:22] |  Страница № 10
INFO  \ [02/27/2018 01:42:14] |  Кол-во вопросов с страницы: 20
INFO  \ [02/27/2018 01:42:14] |

INFO  \ [02/27/2018 01:42:14] |  Страница № 11
INFO  \ [02/27/2018 01:43:14] |  Кол-во вопросов с страницы: 20
INFO  \ [02/27/2018 01:43:14] |

INFO  \ [02/27/2018 01:43:14] |  Страница № 12
INFO  \ [02/27/2018 01:44:04] |  Кол-во вопросов с страницы: 20
INFO  \ [02/27/2018 01:44:04] |

INFO  \ [02/27/2018 01:44:04] |  Страница № 13
INFO  \ [02/27/2018 01:44:59] |  Кол-во вопросов с страницы: 20
INFO  \ [02/27/2018 01:44:59] |

INFO  \ [02/27/2018 01:44:59] |  Страница № 14
INFO  \ [02/27/2018 01:45:53] |  Кол-во вопросов с страницы: 20
INFO  \ [02/27/2018 01:45:53] |

INFO  \ [02/27/2018 01:45:53] |  Страница № 15
INFO  \ [02/27/2018 01:46:52] |  Кол-во вопросов с страницы: 20
INFO  \ [02/27/2018 01:46:52] |

INFO  \ [02/27/2018 01:46:52] |  Страница № 16
INFO  \ [02/27/2018 01:47:47] |  Кол-во вопросов с страницы: 20
INFO  \ [02/27/2018 01:47:47] |

INFO  \ [02/27/2018 01:47:47] |  Страница № 17
INFO  \ [02/27/2018 01:48:45] |  Кол-во вопросов с страницы: 20
INFO  \ [02/27/2018 01:48:45] |

INFO  \ [02/27/2018 01:48:45] |  Страница № 18
INFO  \ [02/27/2018 01:49:53] |  Кол-во вопросов с страницы: 20
INFO  \ [02/27/2018 01:49:53] |

INFO  \ [02/27/2018 01:49:53] |  Страница № 19
INFO  \ [02/27/2018 01:50:44] |  Кол-во вопросов с страницы: 20
INFO  \ [02/27/2018 01:50:44] |

INFO  \ [02/27/2018 01:50:44] |  Страница № 20
INFO  \ [02/27/2018 01:50:57] |  Кол-во вопросов с страницы: 5
INFO  \ [02/27/2018 01:50:57] |

INFO  \ [02/27/2018 01:55:29] |  Парсинг категории: Forum-Web-Development
INFO  \ [02/27/2018 01:55:31] |  Страница № 1
INFO  \ [02/27/2018 01:56:23] |  Кол-во вопросов с страницы: 20
INFO  \ [02/27/2018 01:56:23] |

INFO  \ [02/27/2018 01:56:23] |  Страница № 2
INFO  \ [02/27/2018 01:57:17] |  Кол-во вопросов с страницы: 20
INFO  \ [02/27/2018 01:57:17] |

INFO  \ [02/27/2018 01:57:17] |  Страница № 3
INFO  \ [02/27/2018 01:58:08] |  Кол-во вопросов с страницы: 20
INFO  \ [02/27/2018 01:58:08] |

INFO  \ [02/27/2018 01:58:08] |  Страница № 4
INFO  \ [02/27/2018 01:59:04] |  Кол-во вопросов с страницы: 20
INFO  \ [02/27/2018 01:59:04] |

INFO  \ [02/27/2018 01:59:04] |  Страница № 5
INFO  \ [02/27/2018 02:00:00] |  Кол-во вопросов с страницы: 20
INFO  \ [02/27/2018 02:00:00] |

INFO  \ [02/27/2018 02:00:00] |  Страница № 6
INFO  \ [02/27/2018 02:00:56] |  Кол-во вопросов с страницы: 20
INFO  \ [02/27/2018 02:00:56] |

INFO  \ [02/27/2018 02:00:56] |  Страница № 7
INFO  \ [02/27/2018 02:01:58] |  Кол-во вопросов с страницы: 20
INFO  \ [02/27/2018 02:01:58] |

INFO  \ [02/27/2018 02:01:58] |  Страница № 8
INFO  \ [02/27/2018 02:02:30] |  Кол-во вопросов с страницы: 10
INFO  \ [02/27/2018 02:02:30] |

INFO  \ [02/27/2018 02:22:03] |  Парсинг категории: Forum-Networking
INFO  \ [02/27/2018 02:22:04] |  Страница № 1
INFO  \ [02/27/2018 02:23:03] |  Кол-во вопросов с страницы: 20
INFO  \ [02/27/2018 02:23:03] |

INFO  \ [02/27/2018 02:23:03] |  Страница № 2
INFO  \ [02/27/2018 02:24:28] |  Кол-во вопросов с страницы: 20
INFO  \ [02/27/2018 02:24:28] |

INFO  \ [02/27/2018 02:24:28] |  Страница № 3
INFO  \ [02/27/2018 02:25:21] |  Кол-во вопросов с страницы: 20
INFO  \ [02/27/2018 02:25:21] |

INFO  \ [02/27/2018 02:25:21] |  Страница № 4
INFO  \ [02/27/2018 02:26:04] |  Кол-во вопросов с страницы: 20
INFO  \ [02/27/2018 02:26:04] |

INFO  \ [02/27/2018 02:26:04] |  Страница № 5
INFO  \ [02/27/2018 02:27:02] |  Кол-во вопросов с страницы: 20
INFO  \ [02/27/2018 02:27:02] |

INFO  \ [02/27/2018 02:27:02] |  Страница № 6
INFO  \ [02/27/2018 02:27:48] |  Кол-во вопросов с страницы: 20
INFO  \ [02/27/2018 02:27:48] |

INFO  \ [02/27/2018 02:27:48] |  Страница № 7
INFO  \ [02/27/2018 02:27:53] |  Кол-во вопросов с страницы: 2
INFO  \ [02/27/2018 02:27:53] |

INFO  \ [02/27/2018 02:29:01] |  Парсинг категории: Forum-Game-Development
INFO  \ [02/27/2018 02:29:04] |  Страница № 1
INFO  \ [02/27/2018 02:30:05] |  Кол-во вопросов с страницы: 20
INFO  \ [02/27/2018 02:30:05] |

INFO  \ [02/27/2018 02:30:05] |  Страница № 2
INFO  \ [02/27/2018 02:31:22] |  Кол-во вопросов с страницы: 20
INFO  \ [02/27/2018 02:31:22] |

INFO  \ [02/27/2018 02:31:22] |  Страница № 3
INFO  \ [02/27/2018 02:32:12] |  Кол-во вопросов с страницы: 20
INFO  \ [02/27/2018 02:32:12] |

INFO  \ [02/27/2018 02:32:12] |  Страница № 4
INFO  \ [02/27/2018 02:33:10] |  Кол-во вопросов с страницы: 20
INFO  \ [02/27/2018 02:33:10] |

INFO  \ [02/27/2018 02:33:10] |  Страница № 5
INFO  \ [02/27/2018 02:34:18] |  Кол-во вопросов с страницы: 20
INFO  \ [02/27/2018 02:34:18] |

INFO  \ [02/27/2018 02:34:18] |  Страница № 6
INFO  \ [02/27/2018 02:34:37] |  Кол-во вопросов с страницы: 8
INFO  \ [02/27/2018 02:34:37] |

INFO  \ [02/27/2018 09:40:26] |  Парсинг категории: Forum-Game-Development
INFO  \ [02/27/2018 09:40:29] |  Страница № 1
INFO  \ [02/27/2018 09:42:07] |  Вопрос уже есть в БД: Moving chess piece using mouse
INFO  \ [02/27/2018 09:42:07] |  Вопрос уже есть в БД: If statements - Shell Word-based RPG
INFO  \ [02/27/2018 09:42:07] |  Вопрос уже есть в БД: Getting started
INFO  \ [02/27/2018 09:42:07] |  Вопрос уже есть в БД: I can not play mp3 in pygame
INFO  \ [02/27/2018 09:42:07] |  Вопрос уже есть в БД: geometry primitives
INFO  \ [02/27/2018 09:42:07] |  Вопрос уже есть в БД: Text Game Testing/Dev
INFO  \ [02/27/2018 09:42:07] |  Вопрос уже есть в БД: OpenGL SuperBible ex RotatingCube
INFO  \ [02/27/2018 09:42:07] |  Вопрос уже есть в БД: Beginner in pygame, I don't know how to use events
INFO  \ [02/27/2018 09:42:07] |  Вопрос уже есть в БД: Help With Pygame
INFO  \ [02/27/2018 09:42:07] |  Вопрос уже есть в БД: how can i solve this videogame error?
INFO  \ [02/27/2018 09:42:07] |  Вопрос уже есть в БД: I've been programming in a vacuum
INFO  \ [02/27/2018 09:42:07] |  Вопрос уже есть в БД: Rock,paper,scissors Game(beginner)
INFO  \ [02/27/2018 09:42:07] |  Вопрос уже есть в БД: How do I make an advanced shader
INFO  \ [02/27/2018 09:42:07] |  Вопрос уже есть в БД: Need Help With Sprite
INFO  \ [02/27/2018 09:42:07] |  Вопрос уже есть в БД: PyGlet Trouble Drawing Cube.
INFO  \ [02/27/2018 09:42:07] |  Вопрос уже есть в БД: Moving an object in a circular path
INFO  \ [02/27/2018 09:42:07] |  Вопрос уже есть в БД: Pygame keeps quitting
INFO  \ [02/27/2018 09:42:07] |  Вопрос уже есть в БД: Apparently module has no attribute display?
INFO  \ [02/27/2018 09:42:07] |  Вопрос уже есть в БД: Help with this game
INFO  \ [02/27/2018 09:42:07] |  Вопрос уже есть в БД: Need Help With My PYgame Script
INFO  \ [02/27/2018 09:42:07] |  Кол-во вопросов с страницы: 0
INFO  \ [02/27/2018 09:42:07] |

INFO  \ [02/27/2018 09:42:07] |  Страница № 2
INFO  \ [02/27/2018 09:42:40] |  Парсинг категории: forum-9.html
INFO  \ [02/27/2018 09:42:43] |  Страница № 1
INFO  \ [02/27/2018 09:44:15] |  Кол-во вопросов с страницы: 20
INFO  \ [02/27/2018 09:44:15] |

INFO  \ [02/27/2018 09:44:15] |  Страница № 2
INFO  \ [02/27/2018 09:46:06] |  Кол-во вопросов с страницы: 20
INFO  \ [02/27/2018 09:46:06] |

INFO  \ [02/27/2018 09:46:06] |  Страница № 3
INFO  \ [02/27/2018 09:48:09] |  Кол-во вопросов с страницы: 20
INFO  \ [02/27/2018 09:48:09] |

INFO  \ [02/27/2018 09:48:09] |  Страница № 4
INFO  \ [02/27/2018 09:49:18] |  Кол-во вопросов с страницы: 20
INFO  \ [02/27/2018 09:49:18] |

INFO  \ [02/27/2018 09:49:18] |  Страница № 5
INFO  \ [02/27/2018 09:50:18] |  Кол-во вопросов с страницы: 20
INFO  \ [02/27/2018 09:50:18] |

INFO  \ [02/27/2018 09:50:18] |  Страница № 6
INFO  \ [02/27/2018 09:51:59] |  Кол-во вопросов с страницы: 20
INFO  \ [02/27/2018 09:51:59] |

INFO  \ [02/27/2018 09:51:59] |  Страница № 7
INFO  \ [02/27/2018 09:53:40] |  Кол-во вопросов с страницы: 20
INFO  \ [02/27/2018 09:53:40] |

INFO  \ [02/27/2018 09:53:40] |  Страница № 8
INFO  \ [02/27/2018 09:54:53] |  Кол-во вопросов с страницы: 20
INFO  \ [02/27/2018 09:54:53] |

INFO  \ [02/27/2018 09:54:53] |  Страница № 9
INFO  \ [02/27/2018 09:55:55] |  Кол-во вопросов с страницы: 20
INFO  \ [02/27/2018 09:55:55] |

INFO  \ [02/27/2018 09:55:55] |  Страница № 10
INFO  \ [02/27/2018 09:57:00] |  Кол-во вопросов с страницы: 20
INFO  \ [02/27/2018 09:57:00] |

INFO  \ [02/27/2018 09:57:00] |  Страница № 11
INFO  \ [02/27/2018 09:58:32] |  Кол-во вопросов с страницы: 20
INFO  \ [02/27/2018 09:58:32] |

INFO  \ [02/27/2018 09:58:32] |  Страница № 12
INFO  \ [02/27/2018 09:59:53] |  Кол-во вопросов с страницы: 20
INFO  \ [02/27/2018 09:59:53] |

INFO  \ [02/27/2018 09:59:53] |  Страница № 13
INFO  \ [02/27/2018 10:01:20] |  Кол-во вопросов с страницы: 20
INFO  \ [02/27/2018 10:01:20] |

INFO  \ [02/27/2018 10:01:20] |  Страница № 14
INFO  \ [02/27/2018 10:02:36] |  Кол-во вопросов с страницы: 20
INFO  \ [02/27/2018 10:02:36] |

INFO  \ [02/27/2018 10:02:36] |  Страница № 15
INFO  \ [02/27/2018 10:04:21] |  Кол-во вопросов с страницы: 20
INFO  \ [02/27/2018 10:04:21] |

INFO  \ [02/27/2018 10:04:21] |  Страница № 16
INFO  \ [02/27/2018 10:05:21] |  Кол-во вопросов с страницы: 20
INFO  \ [02/27/2018 10:05:21] |

INFO  \ [02/27/2018 10:05:21] |  Страница № 17
INFO  \ [02/27/2018 10:06:11] |  Кол-во вопросов с страницы: 20
INFO  \ [02/27/2018 10:06:11] |

INFO  \ [02/27/2018 10:06:11] |  Страница № 18
INFO  \ [02/27/2018 10:07:06] |  Кол-во вопросов с страницы: 20
INFO  \ [02/27/2018 10:07:06] |

INFO  \ [02/27/2018 10:07:06] |  Страница № 19
INFO  \ [02/27/2018 10:08:11] |  Кол-во вопросов с страницы: 20
INFO  \ [02/27/2018 10:08:11] |

INFO  \ [02/27/2018 10:08:11] |  Страница № 20
INFO  \ [02/27/2018 10:09:07] |  Кол-во вопросов с страницы: 20
INFO  \ [02/27/2018 10:09:07] |

INFO  \ [02/27/2018 10:09:07] |  Страница № 21
INFO  \ [02/27/2018 10:09:56] |  Кол-во вопросов с страницы: 20
INFO  \ [02/27/2018 10:09:56] |

INFO  \ [02/27/2018 10:09:56] |  Страница № 22
INFO  \ [02/27/2018 10:10:47] |  Кол-во вопросов с страницы: 20
INFO  \ [02/27/2018 10:10:47] |

INFO  \ [02/27/2018 10:10:47] |  Страница № 23
INFO  \ [02/27/2018 10:11:39] |  Кол-во вопросов с страницы: 20
INFO  \ [02/27/2018 10:11:39] |

INFO  \ [02/27/2018 10:11:39] |  Страница № 24
INFO  \ [02/27/2018 10:12:28] |  Кол-во вопросов с страницы: 20
INFO  \ [02/27/2018 10:12:28] |

INFO  \ [02/27/2018 10:12:28] |  Страница № 25
INFO  \ [02/27/2018 10:13:34] |  Кол-во вопросов с страницы: 20
INFO  \ [02/27/2018 10:13:34] |

INFO  \ [02/27/2018 10:13:34] |  Страница № 26
INFO  \ [02/27/2018 10:14:47] |  Кол-во вопросов с страницы: 20
INFO  \ [02/27/2018 10:14:47] |

INFO  \ [02/27/2018 10:14:47] |  Страница № 27
INFO  \ [02/27/2018 10:16:14] |  Кол-во вопросов с страницы: 20
INFO  \ [02/27/2018 10:16:14] |

INFO  \ [02/27/2018 10:16:14] |  Страница № 28
INFO  \ [02/27/2018 10:17:24] |  Кол-во вопросов с страницы: 20
INFO  \ [02/27/2018 10:17:24] |

INFO  \ [02/27/2018 10:17:24] |  Страница № 29
INFO  \ [02/27/2018 10:18:58] |  Кол-во вопросов с страницы: 20
INFO  \ [02/27/2018 10:18:58] |

INFO  \ [02/27/2018 10:18:58] |  Страница № 30
INFO  \ [02/27/2018 10:20:33] |  Кол-во вопросов с страницы: 20
INFO  \ [02/27/2018 10:20:33] |

INFO  \ [02/27/2018 10:20:33] |  Страница № 31
INFO  \ [02/27/2018 10:21:54] |  Кол-во вопросов с страницы: 20
INFO  \ [02/27/2018 10:21:54] |

INFO  \ [02/27/2018 10:21:54] |  Страница № 32
INFO  \ [02/27/2018 10:22:55] |  Кол-во вопросов с страницы: 20
INFO  \ [02/27/2018 10:22:55] |

INFO  \ [02/27/2018 10:22:56] |  Страница № 33
INFO  \ [02/27/2018 10:23:52] |  Кол-во вопросов с страницы: 20
INFO  \ [02/27/2018 10:23:52] |

INFO  \ [02/27/2018 10:23:52] |  Страница № 34
INFO  \ [02/27/2018 10:24:46] |  Кол-во вопросов с страницы: 20
INFO  \ [02/27/2018 10:24:46] |

INFO  \ [02/27/2018 10:24:46] |  Страница № 35
INFO  \ [02/27/2018 10:25:43] |  Кол-во вопросов с страницы: 20
INFO  \ [02/27/2018 10:25:43] |

INFO  \ [02/27/2018 10:25:43] |  Страница № 36
INFO  \ [02/27/2018 10:26:52] |  Кол-во вопросов с страницы: 20
INFO  \ [02/27/2018 10:26:52] |

INFO  \ [02/27/2018 10:26:52] |  Страница № 37
INFO  \ [02/27/2018 10:27:44] |  Кол-во вопросов с страницы: 20
INFO  \ [02/27/2018 10:27:44] |

INFO  \ [02/27/2018 10:27:44] |  Страница № 38
INFO  \ [02/27/2018 10:28:45] |  Кол-во вопросов с страницы: 20
INFO  \ [02/27/2018 10:28:45] |

INFO  \ [02/27/2018 10:28:45] |  Страница № 39
INFO  \ [02/27/2018 10:29:53] |  Кол-во вопросов с страницы: 20
INFO  \ [02/27/2018 10:29:53] |

INFO  \ [02/27/2018 10:29:53] |  Страница № 40
INFO  \ [02/27/2018 10:31:05] |  Кол-во вопросов с страницы: 20
INFO  \ [02/27/2018 10:31:05] |

INFO  \ [02/27/2018 10:31:05] |  Страница № 41
INFO  \ [02/27/2018 10:32:08] |  Кол-во вопросов с страницы: 20
INFO  \ [02/27/2018 10:32:08] |

INFO  \ [02/27/2018 10:32:08] |  Страница № 42
INFO  \ [02/27/2018 10:33:07] |  Кол-во вопросов с страницы: 20
INFO  \ [02/27/2018 10:33:07] |

INFO  \ [02/27/2018 10:33:07] |  Страница № 43
INFO  \ [02/27/2018 10:34:03] |  Кол-во вопросов с страницы: 20
INFO  \ [02/27/2018 10:34:03] |

INFO  \ [02/27/2018 10:34:03] |  Страница № 44
INFO  \ [02/27/2018 10:35:01] |  Кол-во вопросов с страницы: 20
INFO  \ [02/27/2018 10:35:01] |

INFO  \ [02/27/2018 10:35:01] |  Страница № 45
INFO  \ [02/27/2018 10:36:32] |  Кол-во вопросов с страницы: 20
INFO  \ [02/27/2018 10:36:32] |

INFO  \ [02/27/2018 10:42:51] |  Парсинг категории: Forum-General-Coding-Help'
INFO  \ [02/27/2018 10:42:53] |  Страница № 1
INFO  \ [02/27/2018 10:43:43] |  Кол-во вопросов с страницы: 20
INFO  \ [02/27/2018 10:43:43] |

INFO  \ [02/27/2018 10:43:43] |  Страница № 2
INFO  \ [02/27/2018 10:44:53] |  Кол-во вопросов с страницы: 20
INFO  \ [02/27/2018 10:44:53] |

INFO  \ [02/27/2018 10:44:53] |  Страница № 3
INFO  \ [02/27/2018 10:45:59] |  Кол-во вопросов с страницы: 20
INFO  \ [02/27/2018 10:45:59] |

INFO  \ [02/27/2018 10:45:59] |  Страница № 4
INFO  \ [02/27/2018 10:47:00] |  Кол-во вопросов с страницы: 20
INFO  \ [02/27/2018 10:47:00] |

INFO  \ [02/27/2018 10:47:00] |  Страница № 5
INFO  \ [02/27/2018 10:47:52] |  Кол-во вопросов с страницы: 20
INFO  \ [02/27/2018 10:47:52] |

INFO  \ [02/27/2018 10:47:52] |  Страница № 6
INFO  \ [02/27/2018 10:49:25] |  Кол-во вопросов с страницы: 20
INFO  \ [02/27/2018 10:49:25] |

INFO  \ [02/27/2018 10:49:25] |  Страница № 7
INFO  \ [02/27/2018 10:50:33] |  Кол-во вопросов с страницы: 20
INFO  \ [02/27/2018 10:50:33] |

INFO  \ [02/27/2018 10:50:33] |  Страница № 8
INFO  \ [02/27/2018 10:51:44] |  Кол-во вопросов с страницы: 20
INFO  \ [02/27/2018 10:51:44] |

INFO  \ [02/27/2018 10:51:44] |  Страница № 9
INFO  \ [02/27/2018 10:53:14] |  Кол-во вопросов с страницы: 20
INFO  \ [02/27/2018 10:53:14] |

INFO  \ [02/27/2018 10:53:14] |  Страница № 10
INFO  \ [02/27/2018 10:54:06] |  Кол-во вопросов с страницы: 20
INFO  \ [02/27/2018 10:54:06] |

INFO  \ [02/27/2018 10:54:06] |  Страница № 11
INFO  \ [02/27/2018 10:54:57] |  Кол-во вопросов с страницы: 20
INFO  \ [02/27/2018 10:54:57] |

INFO  \ [02/27/2018 10:54:57] |  Страница № 12
INFO  \ [02/27/2018 10:55:54] |  Кол-во вопросов с страницы: 20
INFO  \ [02/27/2018 10:55:54] |

INFO  \ [02/27/2018 10:55:54] |  Страница № 13
INFO  \ [02/27/2018 10:57:25] |  Кол-во вопросов с страницы: 20
INFO  \ [02/27/2018 10:57:25] |

INFO  \ [02/27/2018 10:57:25] |  Страница № 14
INFO  \ [02/27/2018 10:58:26] |  Кол-во вопросов с страницы: 20
INFO  \ [02/27/2018 10:58:26] |

INFO  \ [02/27/2018 10:58:26] |  Страница № 15
INFO  \ [02/27/2018 10:59:35] |  Кол-во вопросов с страницы: 20
INFO  \ [02/27/2018 10:59:35] |

INFO  \ [02/27/2018 10:59:35] |  Страница № 16
INFO  \ [02/27/2018 11:03:49] |  Кол-во вопросов с страницы: 20
INFO  \ [02/27/2018 11:03:49] |

INFO  \ [02/27/2018 11:03:49] |  Страница № 17
INFO  \ [02/27/2018 11:04:49] |  Кол-во вопросов с страницы: 20
INFO  \ [02/27/2018 11:04:49] |

INFO  \ [02/27/2018 11:04:49] |  Страница № 18
INFO  \ [02/27/2018 11:05:42] |  Кол-во вопросов с страницы: 20
INFO  \ [02/27/2018 11:05:42] |

INFO  \ [02/27/2018 11:05:42] |  Страница № 19
INFO  \ [02/27/2018 11:07:04] |  Кол-во вопросов с страницы: 20
INFO  \ [02/27/2018 11:07:04] |

INFO  \ [02/27/2018 11:07:04] |  Страница № 20
INFO  \ [02/27/2018 11:07:55] |  Кол-во вопросов с страницы: 20
INFO  \ [02/27/2018 11:07:55] |

INFO  \ [02/27/2018 11:07:55] |  Страница № 21
INFO  \ [02/27/2018 11:08:44] |  Кол-во вопросов с страницы: 20
INFO  \ [02/27/2018 11:08:44] |

INFO  \ [02/27/2018 11:08:44] |  Страница № 22
INFO  \ [02/27/2018 11:09:39] |  Кол-во вопросов с страницы: 20
INFO  \ [02/27/2018 11:09:39] |

INFO  \ [02/27/2018 11:09:39] |  Страница № 23
INFO  \ [02/27/2018 11:10:38] |  Кол-во вопросов с страницы: 20
INFO  \ [02/27/2018 11:10:38] |

INFO  \ [02/27/2018 11:10:38] |  Страница № 24
INFO  \ [02/27/2018 11:12:22] |  Кол-во вопросов с страницы: 20
INFO  \ [02/27/2018 11:12:22] |

INFO  \ [02/27/2018 11:12:22] |  Страница № 25
INFO  \ [02/27/2018 11:13:16] |  Кол-во вопросов с страницы: 20
INFO  \ [02/27/2018 11:13:16] |

INFO  \ [02/27/2018 11:13:16] |  Страница № 26
INFO  \ [02/27/2018 11:14:24] |  Кол-во вопросов с страницы: 20
INFO  \ [02/27/2018 11:14:24] |

INFO  \ [02/27/2018 11:14:24] |  Страница № 27
INFO  \ [02/27/2018 11:15:54] |  Кол-во вопросов с страницы: 20
INFO  \ [02/27/2018 11:15:54] |

INFO  \ [02/27/2018 11:15:54] |  Страница № 28
INFO  \ [02/27/2018 11:17:58] |  Кол-во вопросов с страницы: 20
INFO  \ [02/27/2018 11:17:58] |

INFO  \ [02/27/2018 11:17:58] |  Страница № 29
INFO  \ [02/27/2018 11:19:03] |  Кол-во вопросов с страницы: 20
INFO  \ [02/27/2018 11:19:03] |

INFO  \ [02/27/2018 11:19:03] |  Страница № 30
INFO  \ [02/27/2018 11:20:14] |  Кол-во вопросов с страницы: 20
INFO  \ [02/27/2018 11:20:14] |

INFO  \ [02/27/2018 11:20:14] |  Страница № 31
INFO  \ [02/27/2018 11:21:24] |  Кол-во вопросов с страницы: 20
INFO  \ [02/27/2018 11:21:24] |

INFO  \ [02/27/2018 11:21:24] |  Страница № 32
INFO  \ [02/27/2018 11:22:42] |  Кол-во вопросов с страницы: 20
INFO  \ [02/27/2018 11:22:42] |

INFO  \ [02/27/2018 11:22:42] |  Страница № 33
INFO  \ [02/27/2018 11:24:27] |  Кол-во вопросов с страницы: 20
INFO  \ [02/27/2018 11:24:27] |

INFO  \ [02/27/2018 11:24:27] |  Страница № 34
INFO  \ [02/27/2018 11:25:20] |  Кол-во вопросов с страницы: 20
INFO  \ [02/27/2018 11:25:20] |

INFO  \ [02/27/2018 11:25:20] |  Страница № 35
INFO  \ [02/27/2018 11:26:38] |  Кол-во вопросов с страницы: 20
INFO  \ [02/27/2018 11:26:38] |

INFO  \ [02/27/2018 11:26:38] |  Страница № 36
INFO  \ [02/27/2018 11:28:08] |  Кол-во вопросов с страницы: 20
INFO  \ [02/27/2018 11:28:08] |

INFO  \ [02/27/2018 11:28:08] |  Страница № 37
INFO  \ [02/27/2018 11:29:20] |  Кол-во вопросов с страницы: 20
INFO  \ [02/27/2018 11:29:20] |

INFO  \ [02/27/2018 11:29:20] |  Страница № 38
INFO  \ [02/27/2018 11:32:15] |  Кол-во вопросов с страницы: 20
INFO  \ [02/27/2018 11:32:15] |

INFO  \ [02/27/2018 11:32:15] |  Страница № 39
INFO  \ [02/27/2018 11:34:42] |  Кол-во вопросов с страницы: 20
INFO  \ [02/27/2018 11:34:42] |

INFO  \ [02/27/2018 11:34:42] |  Страница № 40
INFO  \ [02/27/2018 11:36:56] |  Кол-во вопросов с страницы: 20
INFO  \ [02/27/2018 11:36:56] |

INFO  \ [02/27/2018 11:36:56] |  Страница № 41
INFO  \ [02/27/2018 11:38:25] |  Кол-во вопросов с страницы: 20
INFO  \ [02/27/2018 11:38:25] |

INFO  \ [02/27/2018 11:38:25] |  Страница № 42
INFO  \ [02/27/2018 11:39:35] |  Кол-во вопросов с страницы: 20
INFO  \ [02/27/2018 11:39:35] |

INFO  \ [02/27/2018 11:39:35] |  Страница № 43
INFO  \ [02/27/2018 11:40:45] |  Кол-во вопросов с страницы: 20
INFO  \ [02/27/2018 11:40:45] |

INFO  \ [02/27/2018 11:40:45] |  Страница № 44
INFO  \ [02/27/2018 11:41:59] |  Кол-во вопросов с страницы: 20
INFO  \ [02/27/2018 11:41:59] |

INFO  \ [02/27/2018 11:41:59] |  Страница № 45
INFO  \ [02/27/2018 11:43:00] |  Кол-во вопросов с страницы: 20
INFO  \ [02/27/2018 11:43:00] |

INFO  \ [02/27/2018 11:43:00] |  Страница № 46
INFO  \ [02/27/2018 11:44:20] |  Кол-во вопросов с страницы: 20
INFO  \ [02/27/2018 11:44:20] |

INFO  \ [02/27/2018 11:44:20] |  Страница № 47
INFO  \ [02/27/2018 11:45:28] |  Кол-во вопросов с страницы: 20
INFO  \ [02/27/2018 11:45:28] |

INFO  \ [02/27/2018 11:45:28] |  Страница № 48
INFO  \ [02/27/2018 11:46:42] |  Кол-во вопросов с страницы: 20
INFO  \ [02/27/2018 11:46:42] |

INFO  \ [02/27/2018 11:46:42] |  Страница № 49
INFO  \ [02/27/2018 11:47:57] |  Кол-во вопросов с страницы: 20
INFO  \ [02/27/2018 11:47:57] |

INFO  \ [02/27/2018 11:47:57] |  Страница № 50
INFO  \ [02/27/2018 11:49:08] |  Кол-во вопросов с страницы: 20
INFO  \ [02/27/2018 11:49:08] |

INFO  \ [02/27/2018 11:49:08] |  Страница № 51
INFO  \ [02/27/2018 11:50:25] |  Кол-во вопросов с страницы: 20
INFO  \ [02/27/2018 11:50:25] |

INFO  \ [02/27/2018 11:50:25] |  Страница № 52
INFO  \ [02/27/2018 11:52:00] |  Кол-во вопросов с страницы: 20
INFO  \ [02/27/2018 11:52:00] |

INFO  \ [02/27/2018 11:52:00] |  Страница № 53
INFO  \ [02/27/2018 11:53:11] |  Кол-во вопросов с страницы: 20
INFO  \ [02/27/2018 11:53:11] |

INFO  \ [02/27/2018 11:53:11] |  Страница № 54
INFO  \ [02/27/2018 11:54:13] |  Кол-во вопросов с страницы: 20
INFO  \ [02/27/2018 11:54:13] |

INFO  \ [02/27/2018 11:54:13] |  Страница № 55
INFO  \ [02/27/2018 11:55:10] |  Кол-во вопросов с страницы: 20
INFO  \ [02/27/2018 11:55:10] |

INFO  \ [02/27/2018 11:55:10] |  Страница № 56
INFO  \ [02/27/2018 11:56:23] |  Кол-во вопросов с страницы: 20
INFO  \ [02/27/2018 11:56:23] |

INFO  \ [02/27/2018 11:56:23] |  Страница № 57
INFO  \ [02/27/2018 11:57:32] |  Кол-во вопросов с страницы: 20
INFO  \ [02/27/2018 11:57:32] |

INFO  \ [02/27/2018 11:57:32] |  Страница № 58
INFO  \ [02/27/2018 11:58:49] |  Кол-во вопросов с страницы: 20
INFO  \ [02/27/2018 11:58:49] |

INFO  \ [02/27/2018 11:58:49] |  Страница № 59
INFO  \ [02/27/2018 11:59:49] |  Кол-во вопросов с страницы: 20
INFO  \ [02/27/2018 11:59:49] |

INFO  \ [02/27/2018 11:59:49] |  Страница № 60
INFO  \ [02/27/2018 12:00:43] |  Кол-во вопросов с страницы: 20
INFO  \ [02/27/2018 12:00:43] |

INFO  \ [02/27/2018 12:00:43] |  Страница № 61
INFO  \ [02/27/2018 12:02:05] |  Кол-во вопросов с страницы: 20
INFO  \ [02/27/2018 12:02:05] |

INFO  \ [02/27/2018 12:02:05] |  Страница № 62
INFO  \ [02/27/2018 12:03:28] |  Кол-во вопросов с страницы: 20
INFO  \ [02/27/2018 12:03:28] |

INFO  \ [02/27/2018 12:03:28] |  Страница № 63
INFO  \ [02/27/2018 12:04:34] |  Вопрос уже есть в БД: Python script that transfer it self
INFO  \ [02/27/2018 12:04:34] |  Кол-во вопросов с страницы: 19
INFO  \ [02/27/2018 12:04:34] |

INFO  \ [02/27/2018 12:04:34] |  Страница № 64
INFO  \ [02/27/2018 12:05:40] |  Кол-во вопросов с страницы: 20
INFO  \ [02/27/2018 12:05:40] |

INFO  \ [02/27/2018 12:05:40] |  Страница № 65
INFO  \ [02/27/2018 12:06:55] |  Кол-во вопросов с страницы: 20
INFO  \ [02/27/2018 12:06:55] |

INFO  \ [02/27/2018 12:06:55] |  Страница № 66
INFO  \ [02/27/2018 12:07:49] |  Кол-во вопросов с страницы: 20
INFO  \ [02/27/2018 12:07:49] |

INFO  \ [02/27/2018 12:07:49] |  Страница № 67
INFO  \ [02/27/2018 12:08:58] |  Кол-во вопросов с страницы: 20
INFO  \ [02/27/2018 12:08:58] |

INFO  \ [02/27/2018 12:08:58] |  Страница № 68
INFO  \ [02/27/2018 12:09:49] |  Кол-во вопросов с страницы: 20
INFO  \ [02/27/2018 12:09:49] |

INFO  \ [02/27/2018 12:09:49] |  Страница № 69
INFO  \ [02/27/2018 12:10:57] |  Кол-во вопросов с страницы: 20
INFO  \ [02/27/2018 12:10:57] |

INFO  \ [02/27/2018 12:10:57] |  Страница № 70
INFO  \ [02/27/2018 12:12:02] |  Кол-во вопросов с страницы: 20
INFO  \ [02/27/2018 12:12:02] |

INFO  \ [02/27/2018 12:12:02] |  Страница № 71
INFO  \ [02/27/2018 12:13:14] |  Кол-во вопросов с страницы: 20
INFO  \ [02/27/2018 12:13:14] |

INFO  \ [02/27/2018 12:13:14] |  Страница № 72
INFO  \ [02/27/2018 12:14:16] |  Кол-во вопросов с страницы: 20
INFO  \ [02/27/2018 12:14:16] |

INFO  \ [02/27/2018 12:14:16] |  Страница № 73
INFO  \ [02/27/2018 12:15:19] |  Кол-во вопросов с страницы: 20
INFO  \ [02/27/2018 12:15:19] |

INFO  \ [02/27/2018 12:15:19] |  Страница № 74
INFO  \ [02/27/2018 12:16:17] |  Кол-во вопросов с страницы: 20
INFO  \ [02/27/2018 12:16:17] |

INFO  \ [02/27/2018 12:16:17] |  Страница № 75
INFO  \ [02/27/2018 12:17:17] |  Кол-во вопросов с страницы: 20
INFO  \ [02/27/2018 12:17:17] |

INFO  \ [02/27/2018 12:17:17] |  Страница № 76
INFO  \ [02/27/2018 12:18:20] |  Кол-во вопросов с страницы: 20
INFO  \ [02/27/2018 12:18:20] |

INFO  \ [02/27/2018 12:18:20] |  Страница № 77
INFO  \ [02/27/2018 12:19:18] |  Кол-во вопросов с страницы: 20
INFO  \ [02/27/2018 12:19:18] |

INFO  \ [02/27/2018 12:19:18] |  Страница № 78
INFO  \ [02/27/2018 12:20:35] |  Кол-во вопросов с страницы: 20
INFO  \ [02/27/2018 12:20:35] |

INFO  \ [02/27/2018 12:20:35] |  Страница № 79
INFO  \ [02/27/2018 12:21:37] |  Кол-во вопросов с страницы: 20
INFO  \ [02/27/2018 12:21:37] |

INFO  \ [02/27/2018 12:21:37] |  Страница № 80
INFO  \ [02/27/2018 12:22:44] |  Кол-во вопросов с страницы: 20
INFO  \ [02/27/2018 12:22:44] |

INFO  \ [02/27/2018 12:22:44] |  Страница № 81
INFO  \ [02/27/2018 12:23:47] |  Кол-во вопросов с страницы: 20
INFO  \ [02/27/2018 12:23:47] |

INFO  \ [02/27/2018 12:23:47] |  Страница № 82
INFO  \ [02/27/2018 12:24:44] |  Кол-во вопросов с страницы: 20
INFO  \ [02/27/2018 12:24:44] |

INFO  \ [02/27/2018 12:24:44] |  Страница № 83
INFO  \ [02/27/2018 12:25:42] |  Кол-во вопросов с страницы: 20
INFO  \ [02/27/2018 12:25:42] |

INFO  \ [02/27/2018 12:25:42] |  Страница № 84
INFO  \ [02/27/2018 12:27:34] |  Кол-во вопросов с страницы: 20
INFO  \ [02/27/2018 12:27:34] |

INFO  \ [02/27/2018 12:27:34] |  Страница № 85
INFO  \ [02/27/2018 12:28:43] |  Кол-во вопросов с страницы: 20
INFO  \ [02/27/2018 12:28:43] |

INFO  \ [02/27/2018 12:28:43] |  Страница № 86
INFO  \ [02/27/2018 12:30:17] |  Кол-во вопросов с страницы: 20
INFO  \ [02/27/2018 12:30:17] |

INFO  \ [02/27/2018 12:30:17] |  Страница № 87
INFO  \ [02/27/2018 12:31:44] |  Кол-во вопросов с страницы: 20
INFO  \ [02/27/2018 12:31:44] |

INFO  \ [02/27/2018 12:31:44] |  Страница № 88
INFO  \ [02/27/2018 12:32:48] |  Кол-во вопросов с страницы: 20
INFO  \ [02/27/2018 12:32:48] |

INFO  \ [02/27/2018 12:32:48] |  Страница № 89
INFO  \ [02/27/2018 12:34:00] |  Кол-во вопросов с страницы: 20
INFO  \ [02/27/2018 12:34:00] |

INFO  \ [02/27/2018 12:34:00] |  Страница № 90
INFO  \ [02/27/2018 12:34:59] |  Кол-во вопросов с страницы: 20
INFO  \ [02/27/2018 12:34:59] |

INFO  \ [02/27/2018 12:34:59] |  Страница № 91
INFO  \ [02/27/2018 12:36:02] |  Кол-во вопросов с страницы: 20
INFO  \ [02/27/2018 12:36:02] |

INFO  \ [02/27/2018 12:36:02] |  Страница № 92
INFO  \ [02/27/2018 12:37:05] |  Кол-во вопросов с страницы: 20
INFO  \ [02/27/2018 12:37:05] |

INFO  \ [02/27/2018 12:37:05] |  Страница № 93
INFO  \ [02/27/2018 12:38:10] |  Кол-во вопросов с страницы: 20
INFO  \ [02/27/2018 12:38:10] |

INFO  \ [02/27/2018 12:38:10] |  Страница № 94
INFO  \ [02/27/2018 12:39:11] |  Кол-во вопросов с страницы: 20
INFO  \ [02/27/2018 12:39:11] |

INFO  \ [02/27/2018 12:39:11] |  Страница № 95
INFO  \ [02/27/2018 12:40:08] |  Кол-во вопросов с страницы: 20
INFO  \ [02/27/2018 12:40:08] |

INFO  \ [02/27/2018 12:40:08] |  Страница № 96
INFO  \ [02/27/2018 12:41:24] |  Кол-во вопросов с страницы: 20
INFO  \ [02/27/2018 12:41:24] |

INFO  \ [02/27/2018 12:41:24] |  Страница № 97
INFO  \ [02/27/2018 12:42:57] |  Кол-во вопросов с страницы: 20
INFO  \ [02/27/2018 12:42:57] |

INFO  \ [02/27/2018 12:42:57] |  Страница № 98
INFO  \ [02/27/2018 12:44:05] |  Кол-во вопросов с страницы: 20
INFO  \ [02/27/2018 12:44:05] |

INFO  \ [02/27/2018 12:44:05] |  Страница № 99
INFO  \ [02/27/2018 12:45:09] |  Кол-во вопросов с страницы: 20
INFO  \ [02/27/2018 12:45:09] |

INFO  \ [02/27/2018 12:45:09] |  Страница № 100
INFO  \ [02/27/2018 12:46:08] |  Кол-во вопросов с страницы: 20
INFO  \ [02/27/2018 12:46:08] |

INFO  \ [02/27/2018 12:46:08] |  Страница № 101
INFO  \ [02/27/2018 12:47:05] |  Кол-во вопросов с страницы: 20
INFO  \ [02/27/2018 12:47:05] |

INFO  \ [02/27/2018 12:47:05] |  Страница № 102
INFO  \ [02/27/2018 12:48:06] |  Кол-во вопросов с страницы: 20
INFO  \ [02/27/2018 12:48:06] |

INFO  \ [02/27/2018 12:48:06] |  Страница № 103
INFO  \ [02/27/2018 12:49:12] |  Кол-во вопросов с страницы: 20
INFO  \ [02/27/2018 12:49:12] |

INFO  \ [02/27/2018 12:49:12] |  Страница № 104
INFO  \ [02/27/2018 12:50:14] |  Кол-во вопросов с страницы: 20
INFO  \ [02/27/2018 12:50:14] |

INFO  \ [02/27/2018 12:50:14] |  Страница № 105
INFO  \ [02/27/2018 12:51:22] |  Кол-во вопросов с страницы: 20
INFO  \ [02/27/2018 12:51:22] |

INFO  \ [02/27/2018 12:51:22] |  Страница № 106
INFO  \ [02/27/2018 12:52:21] |  Кол-во вопросов с страницы: 20
INFO  \ [02/27/2018 12:52:21] |

INFO  \ [02/27/2018 12:52:21] |  Страница № 107
INFO  \ [02/27/2018 12:53:13] |  Кол-во вопросов с страницы: 20
INFO  \ [02/27/2018 12:53:13] |

INFO  \ [02/27/2018 12:53:13] |  Страница № 108
INFO  \ [02/27/2018 12:54:14] |  Кол-во вопросов с страницы: 20
INFO  \ [02/27/2018 12:54:14] |

INFO  \ [02/27/2018 12:54:14] |  Страница № 109
INFO  \ [02/27/2018 12:55:19] |  Кол-во вопросов с страницы: 20
INFO  \ [02/27/2018 12:55:19] |

INFO  \ [02/27/2018 12:55:19] |  Страница № 110
INFO  \ [02/27/2018 12:56:34] |  Кол-во вопросов с страницы: 20
INFO  \ [02/27/2018 12:56:34] |

INFO  \ [02/27/2018 12:56:34] |  Страница № 111
INFO  \ [02/27/2018 12:58:06] |  Кол-во вопросов с страницы: 20
INFO  \ [02/27/2018 12:58:06] |

INFO  \ [02/27/2018 12:58:06] |  Страница № 112
INFO  \ [02/27/2018 12:58:58] |  Кол-во вопросов с страницы: 20
INFO  \ [02/27/2018 12:58:58] |

INFO  \ [02/27/2018 12:58:58] |  Страница № 113
INFO  \ [02/27/2018 13:00:02] |  Кол-во вопросов с страницы: 20
INFO  \ [02/27/2018 13:00:02] |

INFO  \ [02/27/2018 13:00:02] |  Страница № 114
INFO  \ [02/27/2018 13:01:01] |  Кол-во вопросов с страницы: 20
INFO  \ [02/27/2018 13:01:01] |

INFO  \ [02/27/2018 13:01:01] |  Страница № 115
INFO  \ [02/27/2018 13:02:00] |  Кол-во вопросов с страницы: 20
INFO  \ [02/27/2018 13:02:00] |

INFO  \ [02/27/2018 13:02:00] |  Страница № 116
INFO  \ [02/27/2018 13:02:52] |  Кол-во вопросов с страницы: 20
INFO  \ [02/27/2018 13:02:52] |

INFO  \ [02/27/2018 13:02:52] |  Страница № 117
INFO  \ [02/27/2018 13:03:51] |  Кол-во вопросов с страницы: 20
INFO  \ [02/27/2018 13:03:51] |

INFO  \ [02/27/2018 13:03:51] |  Страница № 118
INFO  \ [02/27/2018 13:04:46] |  Кол-во вопросов с страницы: 20
INFO  \ [02/27/2018 13:04:46] |

INFO  \ [02/27/2018 13:04:46] |  Страница № 119
INFO  \ [02/27/2018 13:05:45] |  Кол-во вопросов с страницы: 20
INFO  \ [02/27/2018 13:05:45] |

INFO  \ [02/27/2018 13:05:45] |  Страница № 120
INFO  \ [02/27/2018 13:06:44] |  Кол-во вопросов с страницы: 20
INFO  \ [02/27/2018 13:06:44] |

INFO  \ [02/27/2018 13:06:44] |  Страница № 121
INFO  \ [02/27/2018 13:07:54] |  Кол-во вопросов с страницы: 20
INFO  \ [02/27/2018 13:07:54] |

INFO  \ [02/27/2018 13:07:54] |  Страница № 122
INFO  \ [02/27/2018 13:09:00] |  Кол-во вопросов с страницы: 20
INFO  \ [02/27/2018 13:09:00] |

INFO  \ [02/27/2018 13:09:00] |  Страница № 123
INFO  \ [02/27/2018 13:10:00] |  Кол-во вопросов с страницы: 20
INFO  \ [02/27/2018 13:10:00] |

INFO  \ [02/27/2018 13:10:00] |  Страница № 124
INFO  \ [02/27/2018 13:10:59] |  Кол-во вопросов с страницы: 20
INFO  \ [02/27/2018 13:10:59] |

INFO  \ [02/27/2018 13:10:59] |  Страница № 125
INFO  \ [02/27/2018 13:11:59] |  Вопрос уже есть в БД: Question on runtime and improving nested for loops
INFO  \ [02/27/2018 13:11:59] |  Кол-во вопросов с страницы: 19
INFO  \ [02/27/2018 13:11:59] |

INFO  \ [02/27/2018 13:11:59] |  Страница № 126
INFO  \ [02/27/2018 13:13:07] |  Кол-во вопросов с страницы: 20
INFO  \ [02/27/2018 13:13:07] |

INFO  \ [02/27/2018 13:13:07] |  Страница № 127
INFO  \ [02/27/2018 13:14:07] |  Кол-во вопросов с страницы: 20
INFO  \ [02/27/2018 13:14:07] |

INFO  \ [02/27/2018 13:14:07] |  Страница № 128
INFO  \ [02/27/2018 13:15:16] |  Кол-во вопросов с страницы: 20
INFO  \ [02/27/2018 13:15:16] |

INFO  \ [02/27/2018 13:15:16] |  Страница № 129
INFO  \ [02/27/2018 13:16:23] |  Кол-во вопросов с страницы: 20
INFO  \ [02/27/2018 13:16:23] |

INFO  \ [02/27/2018 13:16:23] |  Страница № 130
INFO  \ [02/27/2018 13:17:25] |  Кол-во вопросов с страницы: 20
INFO  \ [02/27/2018 13:17:25] |

INFO  \ [02/27/2018 13:17:25] |  Страница № 131
INFO  \ [02/27/2018 13:18:35] |  Кол-во вопросов с страницы: 20
INFO  \ [02/27/2018 13:18:35] |

INFO  \ [02/27/2018 13:18:35] |  Страница № 132
INFO  \ [02/27/2018 13:20:05] |  Кол-во вопросов с страницы: 20
INFO  \ [02/27/2018 13:20:05] |

INFO  \ [02/27/2018 13:20:05] |  Страница № 133
INFO  \ [02/27/2018 13:21:31] |  Кол-во вопросов с страницы: 20
INFO  \ [02/27/2018 13:21:31] |

INFO  \ [02/27/2018 13:21:31] |  Страница № 134
INFO  \ [02/27/2018 13:23:16] |  Кол-во вопросов с страницы: 20
INFO  \ [02/27/2018 13:23:16] |

INFO  \ [02/27/2018 13:23:16] |  Страница № 135
INFO  \ [02/27/2018 13:24:19] |  Кол-во вопросов с страницы: 20
INFO  \ [02/27/2018 13:24:19] |

INFO  \ [02/27/2018 13:24:19] |  Страница № 136
INFO  \ [02/27/2018 13:25:32] |  Кол-во вопросов с страницы: 20
INFO  \ [02/27/2018 13:25:32] |

INFO  \ [02/27/2018 13:25:32] |  Страница № 137
INFO  \ [02/27/2018 13:27:28] |  Кол-во вопросов с страницы: 20
INFO  \ [02/27/2018 13:27:28] |

INFO  \ [02/27/2018 13:27:28] |  Страница № 138
INFO  \ [02/27/2018 13:28:39] |  Кол-во вопросов с страницы: 20
INFO  \ [02/27/2018 13:28:39] |

INFO  \ [02/27/2018 13:28:39] |  Страница № 139
INFO  \ [02/27/2018 13:29:50] |  Кол-во вопросов с страницы: 20
INFO  \ [02/27/2018 13:29:50] |

INFO  \ [02/27/2018 13:29:50] |  Страница № 140
INFO  \ [02/27/2018 13:31:00] |  Кол-во вопросов с страницы: 20
INFO  \ [02/27/2018 13:31:00] |

INFO  \ [02/27/2018 13:31:00] |  Страница № 141
INFO  \ [02/27/2018 13:32:48] |  Кол-во вопросов с страницы: 20
INFO  \ [02/27/2018 13:32:48] |

INFO  \ [02/27/2018 13:32:48] |  Страница № 142
INFO  \ [02/27/2018 13:33:55] |  Кол-во вопросов с страницы: 20
INFO  \ [02/27/2018 13:33:55] |

INFO  \ [02/27/2018 13:33:55] |  Страница № 143
INFO  \ [02/27/2018 13:35:12] |  Кол-во вопросов с страницы: 20
INFO  \ [02/27/2018 13:35:12] |

INFO  \ [02/27/2018 13:35:12] |  Страница № 144
INFO  \ [02/27/2018 13:36:20] |  Кол-во вопросов с страницы: 20
INFO  \ [02/27/2018 13:36:20] |

INFO  \ [02/27/2018 13:36:20] |  Страница № 145
INFO  \ [02/27/2018 13:37:40] |  Кол-во вопросов с страницы: 20
INFO  \ [02/27/2018 13:37:40] |

INFO  \ [02/27/2018 13:37:40] |  Страница № 146
INFO  \ [02/27/2018 13:39:01] |  Кол-во вопросов с страницы: 20
INFO  \ [02/27/2018 13:39:01] |

INFO  \ [02/27/2018 13:39:01] |  Страница № 147
INFO  \ [02/27/2018 13:40:15] |  Кол-во вопросов с страницы: 20
INFO  \ [02/27/2018 13:40:15] |

INFO  \ [02/27/2018 13:40:15] |  Страница № 148
INFO  \ [02/27/2018 13:41:28] |  Кол-во вопросов с страницы: 20
INFO  \ [02/27/2018 13:41:28] |

INFO  \ [02/27/2018 13:41:28] |  Страница № 149
INFO  \ [02/27/2018 13:42:27] |  Кол-во вопросов с страницы: 20
INFO  \ [02/27/2018 13:42:27] |

INFO  \ [02/27/2018 13:42:27] |  Страница № 150
INFO  \ [02/27/2018 13:44:22] |  Кол-во вопросов с страницы: 20
INFO  \ [02/27/2018 13:44:22] |

INFO  \ [02/27/2018 13:44:22] |  Страница № 151
INFO  \ [02/27/2018 13:46:39] |  Кол-во вопросов с страницы: 20
INFO  \ [02/27/2018 13:46:39] |

INFO  \ [02/27/2018 13:46:39] |  Страница № 152
INFO  \ [02/27/2018 13:48:16] |  Кол-во вопросов с страницы: 20
INFO  \ [02/27/2018 13:48:16] |

INFO  \ [02/27/2018 13:48:16] |  Страница № 153
INFO  \ [02/27/2018 13:49:14] |  Кол-во вопросов с страницы: 20
INFO  \ [02/27/2018 13:49:14] |

INFO  \ [02/27/2018 13:49:14] |  Страница № 154
INFO  \ [02/27/2018 13:50:19] |  Кол-во вопросов с страницы: 20
INFO  \ [02/27/2018 13:50:19] |

INFO  \ [02/27/2018 13:50:19] |  Страница № 155
INFO  \ [02/27/2018 13:51:16] |  Кол-во вопросов с страницы: 20
INFO  \ [02/27/2018 13:51:16] |

INFO  \ [02/27/2018 13:51:16] |  Страница № 156
INFO  \ [02/27/2018 13:52:05] |  Кол-во вопросов с страницы: 20
INFO  \ [02/27/2018 13:52:05] |

INFO  \ [02/27/2018 13:52:05] |  Страница № 157
INFO  \ [02/27/2018 13:53:09] |  Кол-во вопросов с страницы: 20
INFO  \ [02/27/2018 13:53:09] |

INFO  \ [02/27/2018 13:53:09] |  Страница № 158
INFO  \ [02/27/2018 13:54:13] |  Кол-во вопросов с страницы: 20
INFO  \ [02/27/2018 13:54:13] |

INFO  \ [02/27/2018 13:54:13] |  Страница № 159
INFO  \ [02/27/2018 13:55:09] |  Вопрос уже есть в БД: Advice getting started with Python
INFO  \ [02/27/2018 13:55:09] |  Кол-во вопросов с страницы: 19
INFO  \ [02/27/2018 13:55:09] |

INFO  \ [02/27/2018 13:55:09] |  Страница № 160
INFO  \ [02/27/2018 13:56:08] |  Кол-во вопросов с страницы: 20
INFO  \ [02/27/2018 13:56:08] |

INFO  \ [02/27/2018 13:56:08] |  Страница № 161
INFO  \ [02/27/2018 13:57:07] |  Кол-во вопросов с страницы: 20
INFO  \ [02/27/2018 13:57:07] |

INFO  \ [02/27/2018 13:57:07] |  Страница № 162
INFO  \ [02/27/2018 13:58:33] |  Кол-во вопросов с страницы: 20
INFO  \ [02/27/2018 13:58:33] |

INFO  \ [02/27/2018 13:58:33] |  Страница № 163
INFO  \ [02/27/2018 13:59:57] |  Кол-во вопросов с страницы: 20
INFO  \ [02/27/2018 13:59:57] |

INFO  \ [02/27/2018 13:59:57] |  Страница № 164
INFO  \ [02/27/2018 14:01:20] |  Кол-во вопросов с страницы: 20
INFO  \ [02/27/2018 14:01:20] |

INFO  \ [02/27/2018 14:01:20] |  Страница № 165
INFO  \ [02/27/2018 14:02:57] |  Кол-во вопросов с страницы: 20
INFO  \ [02/27/2018 14:02:57] |

INFO  \ [02/27/2018 14:02:57] |  Страница № 166
INFO  \ [02/27/2018 14:04:02] |  Кол-во вопросов с страницы: 20
INFO  \ [02/27/2018 14:04:02] |

INFO  \ [02/27/2018 14:04:02] |  Страница № 167
INFO  \ [02/27/2018 14:05:21] |  Кол-во вопросов с страницы: 20
INFO  \ [02/27/2018 14:05:21] |

INFO  \ [02/27/2018 14:05:21] |  Страница № 168
INFO  \ [02/27/2018 14:07:30] |  Кол-во вопросов с страницы: 20
INFO  \ [02/27/2018 14:07:30] |

INFO  \ [02/27/2018 14:07:30] |  Страница № 169
INFO  \ [02/27/2018 14:08:42] |  Кол-во вопросов с страницы: 20
INFO  \ [02/27/2018 14:08:42] |

INFO  \ [02/27/2018 14:08:42] |  Страница № 170
INFO  \ [02/27/2018 14:10:01] |  Кол-во вопросов с страницы: 20
INFO  \ [02/27/2018 14:10:01] |

INFO  \ [02/27/2018 14:10:01] |  Страница № 171
INFO  \ [02/27/2018 14:11:09] |  Кол-во вопросов с страницы: 20
INFO  \ [02/27/2018 14:11:09] |

INFO  \ [02/27/2018 14:11:09] |  Страница № 172
INFO  \ [02/27/2018 14:12:13] |  Кол-во вопросов с страницы: 20
INFO  \ [02/27/2018 14:12:13] |

INFO  \ [02/27/2018 14:12:13] |  Страница № 173
INFO  \ [02/27/2018 14:13:12] |  Кол-во вопросов с страницы: 20
INFO  \ [02/27/2018 14:13:12] |

INFO  \ [02/27/2018 14:13:12] |  Страница № 174
INFO  \ [02/27/2018 14:14:14] |  Кол-во вопросов с страницы: 20
INFO  \ [02/27/2018 14:14:14] |

INFO  \ [02/27/2018 14:14:14] |  Страница № 175
INFO  \ [02/27/2018 14:15:16] |  Кол-во вопросов с страницы: 20
INFO  \ [02/27/2018 14:15:16] |

INFO  \ [02/27/2018 14:15:16] |  Страница № 176
INFO  \ [02/27/2018 14:16:22] |  Кол-во вопросов с страницы: 20
INFO  \ [02/27/2018 14:16:22] |

INFO  \ [02/27/2018 14:16:22] |  Страница № 177
INFO  \ [02/27/2018 14:17:45] |  Кол-во вопросов с страницы: 20
INFO  \ [02/27/2018 14:17:45] |

INFO  \ [02/27/2018 14:17:45] |  Страница № 178
INFO  \ [02/27/2018 14:18:59] |  Кол-во вопросов с страницы: 20
INFO  \ [02/27/2018 14:18:59] |

INFO  \ [02/27/2018 14:18:59] |  Страница № 179
INFO  \ [02/27/2018 14:20:22] |  Кол-во вопросов с страницы: 20
INFO  \ [02/27/2018 14:20:22] |

INFO  \ [02/27/2018 14:20:22] |  Страница № 180
INFO  \ [02/27/2018 14:21:56] |  Кол-во вопросов с страницы: 20
INFO  \ [02/27/2018 14:21:56] |

INFO  \ [02/27/2018 14:21:56] |  Страница № 181
INFO  \ [02/27/2018 14:23:46] |  Кол-во вопросов с страницы: 20
INFO  \ [02/27/2018 14:23:46] |

INFO  \ [02/27/2018 14:23:46] |  Страница № 182
INFO  \ [02/27/2018 14:24:57] |  Кол-во вопросов с страницы: 20
INFO  \ [02/27/2018 14:24:57] |

INFO  \ [02/27/2018 14:24:57] |  Страница № 183
INFO  \ [02/27/2018 14:25:55] |  Кол-во вопросов с страницы: 20
INFO  \ [02/27/2018 14:25:55] |

INFO  \ [02/27/2018 14:25:55] |  Страница № 184
INFO  \ [02/27/2018 14:27:07] |  Кол-во вопросов с страницы: 20
INFO  \ [02/27/2018 14:27:07] |

INFO  \ [02/27/2018 14:27:07] |  Страница № 185
INFO  \ [02/27/2018 14:28:35] |  Кол-во вопросов с страницы: 20
INFO  \ [02/27/2018 14:28:35] |

INFO  \ [02/27/2018 14:28:35] |  Страница № 186
INFO  \ [02/27/2018 14:29:54] |  Кол-во вопросов с страницы: 20
INFO  \ [02/27/2018 14:29:54] |

INFO  \ [02/27/2018 14:29:54] |  Страница № 187
INFO  \ [02/27/2018 14:30:53] |  Кол-во вопросов с страницы: 20
INFO  \ [02/27/2018 14:30:53] |

INFO  \ [02/27/2018 14:30:53] |  Страница № 188
INFO  \ [02/27/2018 14:31:57] |  Кол-во вопросов с страницы: 20
INFO  \ [02/27/2018 14:31:57] |

INFO  \ [02/27/2018 14:31:57] |  Страница № 189
INFO  \ [02/27/2018 14:33:19] |  Кол-во вопросов с страницы: 20
INFO  \ [02/27/2018 14:33:19] |

INFO  \ [02/27/2018 14:33:19] |  Страница № 190
INFO  \ [02/27/2018 14:34:36] |  Кол-во вопросов с страницы: 20
INFO  \ [02/27/2018 14:34:36] |

INFO  \ [02/27/2018 14:34:36] |  Страница № 191
INFO  \ [02/27/2018 14:35:49] |  Кол-во вопросов с страницы: 20
INFO  \ [02/27/2018 14:35:49] |

INFO  \ [02/27/2018 14:35:49] |  Страница № 192
INFO  \ [02/27/2018 14:37:22] |  Кол-во вопросов с страницы: 20
INFO  \ [02/27/2018 14:37:22] |

INFO  \ [02/27/2018 14:37:22] |  Страница № 193
INFO  \ [02/27/2018 14:38:38] |  Кол-во вопросов с страницы: 20
INFO  \ [02/27/2018 14:38:38] |

INFO  \ [02/27/2018 14:38:38] |  Страница № 194
INFO  \ [02/27/2018 14:39:40] |  Кол-во вопросов с страницы: 20
INFO  \ [02/27/2018 14:39:40] |

INFO  \ [02/27/2018 14:39:40] |  Страница № 195
INFO  \ [02/27/2018 14:40:39] |  Кол-во вопросов с страницы: 20
INFO  \ [02/27/2018 14:40:39] |

INFO  \ [02/27/2018 14:40:39] |  Страница № 196
INFO  \ [02/27/2018 14:41:46] |  Кол-во вопросов с страницы: 20
INFO  \ [02/27/2018 14:41:46] |

INFO  \ [02/27/2018 14:41:46] |  Страница № 197
INFO  \ [02/27/2018 14:42:56] |  Кол-во вопросов с страницы: 20
INFO  \ [02/27/2018 14:42:56] |

INFO  \ [02/27/2018 14:42:56] |  Страница № 198
INFO  \ [02/27/2018 14:44:35] |  Кол-во вопросов с страницы: 20
INFO  \ [02/27/2018 14:44:35] |

INFO  \ [02/27/2018 14:44:35] |  Страница № 199
INFO  \ [02/27/2018 14:45:59] |  Кол-во вопросов с страницы: 20
INFO  \ [02/27/2018 14:45:59] |

INFO  \ [02/27/2018 14:45:59] |  Страница № 200
INFO  \ [02/27/2018 14:47:51] |  Кол-во вопросов с страницы: 19
INFO  \ [02/27/2018 14:47:51] |

INFO  \ [04/23/2018 21:22:30] |  Парсинг категории: Forum-Bar
INFO  \ [04/23/2018 21:22:30] |  Страница № 1
INFO  \ [04/23/2018 21:22:58] |  Вопрос уже есть в БД: New Users Introduce Yourself
INFO  \ [04/23/2018 21:22:58] |  Вопрос уже есть в БД: Free Game Keys and Game Sales
INFO  \ [04/23/2018 21:22:59] |  Вопрос уже есть в БД: ubuntu video problems
INFO  \ [04/23/2018 21:22:59] |  Кол-во вопросов с страницы: 17
INFO  \ [04/23/2018 21:22:59] |

INFO  \ [04/23/2018 21:22:59] |  Страница № 3
INFO  \ [04/23/2018 21:23:26] |  Вопрос уже есть в БД: this thing i have created for Linux rocks!
INFO  \ [04/23/2018 21:23:26] |  Вопрос уже есть в БД: I just switched to Debian and already miss Corana :(
INFO  \ [04/23/2018 21:23:26] |  Вопрос уже есть в БД: a fun(ny) program i want to make
INFO  \ [04/23/2018 21:23:26] |  Вопрос уже есть в БД: Socket Program Challenging issue, please help
INFO  \ [04/23/2018 21:23:26] |  Вопрос уже есть в БД: http/https client
INFO  \ [04/23/2018 21:23:26] |  Вопрос уже есть в БД: Learning Milestone
INFO  \ [04/23/2018 21:23:26] |  Вопрос уже есть в БД: Restore Menu Bar
INFO  \ [04/23/2018 21:23:26] |  Вопрос уже есть в БД: looking for email provider
INFO  \ [04/23/2018 21:23:26] |  Вопрос уже есть в БД: Problem with Jupyter Notebook
INFO  \ [04/23/2018 21:23:26] |  Вопрос уже есть в БД: Son's new music
INFO  \ [04/23/2018 21:23:26] |  Вопрос уже есть в БД: Awesome Math Tutorials
INFO  \ [04/23/2018 21:23:26] |  Вопрос уже есть в БД: Plants vs Zombies. Images Ideas.
INFO  \ [04/23/2018 21:23:26] |  Вопрос уже есть в БД: To keep electronics on or off for longevity
INFO  \ [04/23/2018 21:23:26] |  Вопрос уже есть в БД: I hate text editors
INFO  \ [04/23/2018 21:23:26] |  Вопрос уже есть в БД: recursive file scan
INFO  \ [04/23/2018 21:23:27] |  Вопрос уже есть в БД: IDLE vs PyCharm as editors?
INFO  \ [04/23/2018 21:23:27] |  Вопрос уже есть в БД: I'm a beginner
INFO  \ [04/23/2018 21:23:27] |  Вопрос уже есть в БД: Too many problems with windows 10(64 bits)
INFO  \ [04/23/2018 21:23:27] |  Вопрос уже есть в БД: Cool products from China
INFO  \ [04/23/2018 21:23:27] |  Вопрос уже есть в БД: Someone tell me where to go...
INFO  \ [04/23/2018 21:23:27] |  Кол-во вопросов с страницы: 0
INFO  \ [04/23/2018 21:23:27] |

INFO  \ [04/23/2018 21:23:27] |  Страница № 4
INFO  \ [04/23/2018 21:23:54] |  Вопрос уже есть в БД: script wanted: clock for text mode screen
INFO  \ [04/23/2018 21:23:54] |  Вопрос уже есть в БД: Merry Christmas
INFO  \ [04/23/2018 21:23:54] |  Вопрос уже есть в БД: Christmas image
INFO  \ [04/23/2018 21:23:54] |  Вопрос уже есть в БД: Looking for offline BBCODE editor
INFO  \ [04/23/2018 21:23:54] |  Вопрос уже есть в БД: Holidays come early this year (maybe)
INFO  \ [04/23/2018 21:23:54] |  Вопрос уже есть в БД: a future project: hardlink identical files
INFO  \ [04/23/2018 21:23:54] |  Вопрос уже есть в БД: net neutrality
INFO  \ [04/23/2018 21:23:54] |  Вопрос уже есть в БД: my "keep" script
INFO  \ [04/23/2018 21:23:54] |  Вопрос уже есть в БД: \b
INFO  \ [04/23/2018 21:23:54] |  Вопрос уже есть в БД: a future project: recursive file list
INFO  \ [04/23/2018 21:23:54] |  Вопрос уже есть в БД: what do YOU use to debug Python code you write? an IDE?
INFO  \ [04/23/2018 21:23:54] |  Вопрос уже есть в БД: script wanted: print the command
INFO  \ [04/23/2018 21:23:54] |  Вопрос уже есть в БД: script wanted: ping and wait
INFO  \ [04/23/2018 21:23:54] |  Вопрос уже есть в БД: Coursera: Where are complete source code examples?
INFO  \ [04/23/2018 21:23:54] |  Вопрос уже есть в БД: Python and Machine Learning - (Portuguese)
INFO  \ [04/23/2018 21:23:54] |  Вопрос уже есть в БД: a funny coding challege
INFO  \ [04/23/2018 21:23:54] |  Вопрос уже есть в БД: would anyone like to recode these to python?
INFO  \ [04/23/2018 21:23:54] |  Вопрос уже есть в БД: How to create a social networking site?
INFO  \ [04/23/2018 21:23:54] |  Вопрос уже есть в БД: Price testing for a population
INFO  \ [04/23/2018 21:23:54] |  Вопрос уже есть в БД: How to upload the terminal on windows 10
INFO  \ [04/23/2018 21:23:54] |  Кол-во вопросов с страницы: 0
INFO  \ [04/23/2018 21:23:54] |

INFO  \ [07/09/2018 23:27:31] |  Парсинг категории: Forum-Bar
INFO  \ [07/09/2018 23:27:33] |  Страница № 1
INFO  \ [07/09/2018 23:28:21] |  Вопрос уже есть в БД: New Users Introduce Yourself
INFO  \ [07/09/2018 23:28:21] |  Вопрос уже есть в БД: Free Game Keys and Game Sales
INFO  \ [07/09/2018 23:28:21] |  Вопрос уже есть в БД: Fun for music experimenters
INFO  \ [07/09/2018 23:28:21] |  Кол-во вопросов с страницы: 17
INFO  \ [07/09/2018 23:28:21] |

INFO  \ [07/09/2018 23:28:21] |  Страница № 2
